<?xml version="1.0" encoding="UTF-8"?>
<!-- Generated by org.testng.reporters.JUnitReportReporter -->
<testsuite skipped="0" hostname="LAPTOP-5LIOCIS9" name="com.ram.testcases.LoginTest" tests="1" failures="0" timestamp="13 May 2020 16:00:46 GMT" time="3.783" errors="0">
  <testcase name="login" time="3.783" classname="com.ram.testcases.LoginTest"/>
</testsuite> <!-- com.ram.testcases.LoginTest -->
