<?xml version="1.0" encoding="UTF-8"?>
<!-- Generated by org.testng.reporters.JUnitReportReporter -->
<testsuite skipped="0" hostname="LAPTOP-5LIOCIS9" name="com.ram.testcases.LoginTest" tests="1" failures="0" timestamp="16 May 2020 17:58:33 GMT" time="2.195" errors="0">
  <testcase name="loginTest" time="2.195" classname="com.ram.testcases.LoginTest"/>
</testsuite> <!-- com.ram.testcases.LoginTest -->
