<?xml version="1.0" encoding="UTF-8"?>
<!-- Generated by org.testng.reporters.JUnitReportReporter -->
<testsuite skipped="0" hostname="LAPTOP-5LIOCIS9" name="com.ram.testcases.CreateAccountTest" tests="1" failures="0" timestamp="16 May 2020 17:58:33 GMT" time="11.505" errors="0">
  <testcase name="createAccountTest" time="11.505" classname="com.ram.testcases.CreateAccountTest"/>
</testsuite> <!-- com.ram.testcases.CreateAccountTest -->
